2025-05-10 10:12:29,352 - INFO - Starting script with log file: Yahoo\Logs\2025-05-10_stock_price_fetcher.log
2025-05-10 10:12:29,353 - INFO - Output directory: Yahoo\Outputs
2025-05-10 10:12:29,353 - INFO - Starting stock data collection process
2025-05-10 10:12:38,983 - INFO - Successfully fetched AAPL Last Close: 198.52999877929688
2025-05-10 10:12:40,171 - INFO - Successfully fetched MSFT Last Close: 438.7300109863281
2025-05-10 10:12:41,304 - INFO - Successfully fetched AMZN Last Close: 193.05999755859375
2025-05-10 10:12:42,463 - INFO - Successfully fetched GOOGL Last Close: 152.75
2025-05-10 10:12:43,615 - INFO - Successfully fetched META Last Close: 592.489990234375
2025-05-10 10:12:44,750 - INFO - Successfully fetched TSLA Last Close: 298.260009765625
2025-05-10 10:12:46,621 - INFO - Successfully fetched NVDA Last Close: 116.6500015258789
2025-05-10 10:12:49,018 - INFO - Successfully fetched PYPL Last Close: 70.26000213623047
2025-05-10 10:12:50,233 - INFO - Successfully fetched INTC Last Close: 21.420000076293945
2025-05-10 10:12:51,440 - INFO - Successfully fetched CMCSA Last Close: 34.25
2025-05-10 10:12:52,595 - INFO - Successfully fetched NFLX Last Close: 1140.219970703125
2025-05-10 10:12:53,769 - INFO - Successfully fetched ADBE Last Close: 383.2799987792969
2025-05-10 10:12:54,958 - INFO - Successfully fetched PEP Last Close: 130.44000244140625
2025-05-10 10:12:56,117 - INFO - Successfully fetched CSCO Last Close: 59.77000045776367
2025-05-10 10:12:57,281 - INFO - Successfully fetched AVGO Last Close: 208.1999969482422
2025-05-10 10:12:58,485 - INFO - Successfully fetched TXN Last Close: 172.27000427246094
2025-05-10 10:12:59,655 - INFO - Successfully fetched COST Last Close: 1008.0900268554688
2025-05-10 10:13:00,821 - INFO - Successfully fetched TMUS Last Close: 243.80999755859375
2025-05-10 10:13:01,966 - INFO - Successfully fetched AMGN Last Close: 265.8599853515625
2025-05-10 10:13:03,106 - INFO - Successfully fetched SBUX Last Close: 80.30000305175781
2025-05-10 10:13:04,264 - INFO - Successfully fetched QCOM Last Close: 145.17999267578125
2025-05-10 10:13:05,423 - INFO - Successfully fetched GILD Last Close: 96.91000366210938
2025-05-10 10:13:06,613 - INFO - Successfully fetched MDLZ Last Close: 66.37000274658203
2025-05-10 10:13:08,110 - INFO - Successfully fetched INTU Last Close: 653.8800048828125
2025-05-10 10:13:09,252 - INFO - Successfully fetched ISRG Last Close: 536.510009765625
2025-05-10 10:13:12,115 - INFO - Successfully fetched VRTX Last Close: 424.989990234375
2025-05-10 10:13:13,593 - INFO - Successfully fetched REGN Last Close: 527.780029296875
2025-05-10 10:13:15,164 - INFO - Successfully fetched ILMN Last Close: 75.76000213623047
2025-05-10 10:13:16,977 - INFO - Successfully fetched ADI Last Close: 207.50999450683594
2025-05-10 10:13:18,179 - INFO - Successfully fetched CSX Last Close: 28.739999771118164
2025-05-10 10:13:19,363 - INFO - Successfully fetched MU Last Close: 85.86000061035156
2025-05-10 10:13:20,506 - INFO - Successfully fetched BKNG Last Close: 5072.5400390625
2025-05-10 10:13:21,669 - INFO - Successfully fetched AMAT Last Close: 155.61000061035156
2025-05-10 10:13:22,844 - INFO - Successfully fetched ADP Last Close: 307.7200012207031
2025-05-10 10:13:23,979 - INFO - Successfully fetched MNST Last Close: 61.0
2025-05-10 10:13:25,426 - INFO - Successfully fetched MELI Last Close: 2450.0
2025-05-10 10:13:26,824 - INFO - Successfully fetched ADSK Last Close: 287.4800109863281
2025-05-10 10:13:28,121 - INFO - Successfully fetched JD Last Close: 33.86000061035156
2025-05-10 10:13:29,738 - INFO - Successfully fetched LRCX Last Close: 75.36000061035156
2025-05-10 10:13:30,879 - INFO - Successfully fetched EBAY Last Close: 69.51000213623047
2025-05-10 10:13:32,051 - INFO - Successfully fetched KHC Last Close: 28.06999969482422
2025-05-10 10:13:33,187 - INFO - Successfully fetched BIIB Last Close: 118.16999816894531
2025-05-10 10:13:34,613 - INFO - Successfully fetched LULU Last Close: 279.7699890136719
2025-05-10 10:13:35,755 - INFO - Successfully fetched EA Last Close: 153.3000030517578
2025-05-10 10:13:36,915 - INFO - Successfully fetched WDAY Last Close: 259.17999267578125
2025-05-10 10:13:38,106 - INFO - Successfully fetched PCAR Last Close: 90.66000366210938
2025-05-10 10:13:39,378 - INFO - Successfully fetched DXCM Last Close: 84.66999816894531
2025-05-10 10:13:40,542 - INFO - Successfully fetched CTSH Last Close: 79.16999816894531
2025-05-10 10:13:41,772 - INFO - Successfully fetched MRVL Last Close: 59.650001525878906
2025-05-10 10:13:42,777 - INFO - Successfully saved data to Yahoo\Outputs\2025-05-10_stock_last_close.json
2025-05-10 10:13:42,778 - INFO - 
Successfully processed 49 stocks
