2025-04-20 16:43:40,422 - INFO - Starting script with log file: Yahoo\Logs\2025-04-20_stock_price_fetcher.log
2025-04-20 16:43:40,422 - INFO - Output directory: Yahoo\Outputs
2025-04-20 16:43:40,422 - INFO - Starting stock data collection process
2025-04-20 16:43:43,240 - INFO - Successfully fetched AAPL Last Close: 196.97999572753906
2025-04-20 16:43:44,508 - INFO - Successfully fetched MSFT Last Close: 367.7799987792969
2025-04-20 16:43:46,327 - INFO - Successfully fetched AMZN Last Close: 172.61000061035156
2025-04-20 16:43:47,793 - INFO - Successfully fetched GOOGL Last Close: 151.16000366210938
2025-04-20 16:43:49,071 - INFO - Successfully fetched META Last Close: 501.4800109863281
2025-04-20 16:43:50,309 - INFO - Successfully fetched TSLA Last Close: 241.3699951171875
2025-04-20 16:43:51,807 - INFO - Successfully fetched NVDA Last Close: 101.48999786376953
2025-04-20 16:43:53,058 - INFO - Successfully fetched PYPL Last Close: 61.0
2025-04-20 16:43:54,322 - INFO - Successfully fetched INTC Last Close: 18.93000030517578
2025-04-20 16:43:55,875 - INFO - Successfully fetched CMCSA Last Close: 34.0099983215332
2025-04-20 16:43:57,432 - INFO - Successfully fetched NFLX Last Close: 973.030029296875
2025-04-20 16:43:58,854 - INFO - Successfully fetched ADBE Last Close: 348.79998779296875
2025-04-20 16:44:00,450 - INFO - Successfully fetched PEP Last Close: 142.83999633789062
2025-04-20 16:44:02,044 - INFO - Successfully fetched CSCO Last Close: 55.7599983215332
2025-04-20 16:44:03,856 - INFO - Successfully fetched AVGO Last Close: 170.99000549316406
2025-04-20 16:44:06,185 - INFO - Successfully fetched TXN Last Close: 148.44000244140625
2025-04-20 16:44:07,765 - INFO - Successfully fetched COST Last Close: 994.5
2025-04-20 16:44:09,016 - INFO - Successfully fetched TMUS Last Close: 262.0400085449219
2025-04-20 16:44:10,756 - INFO - Successfully fetched AMGN Last Close: 277.2900085449219
2025-04-20 16:44:12,264 - INFO - Successfully fetched SBUX Last Close: 81.5
2025-04-20 16:44:13,661 - INFO - Successfully fetched QCOM Last Close: 136.66000366210938
2025-04-20 16:44:15,254 - INFO - Successfully fetched GILD Last Close: 104.54000091552734
2025-04-20 16:44:17,067 - INFO - Successfully fetched MDLZ Last Close: 67.31999969482422
2025-04-20 16:44:18,555 - INFO - Successfully fetched INTU Last Close: 585.3800048828125
2025-04-20 16:44:19,849 - INFO - Successfully fetched ISRG Last Close: 482.739990234375
2025-04-20 16:44:21,465 - INFO - Successfully fetched VRTX Last Close: 489.1000061035156
2025-04-20 16:44:22,857 - INFO - Successfully fetched REGN Last Close: 563.1599731445312
2025-04-20 16:44:24,071 - INFO - Successfully fetched ILMN Last Close: 71.19999694824219
2025-04-20 16:44:25,671 - INFO - Successfully fetched ADI Last Close: 176.27000427246094
2025-04-20 16:44:36,689 - ERROR - $CSX: possibly delisted; no price data found  (period=1d)
2025-04-20 16:44:36,691 - WARNING - No data available for CSX
2025-04-20 16:44:39,116 - INFO - Successfully fetched MU Last Close: 68.80000305175781
2025-04-20 16:44:40,508 - INFO - Successfully fetched BKNG Last Close: 4573.31005859375
2025-04-20 16:44:42,431 - INFO - Successfully fetched AMAT Last Close: 137.4600067138672
2025-04-20 16:44:44,275 - INFO - Successfully fetched ADP Last Close: 293.2799987792969
2025-04-20 16:44:45,758 - INFO - Successfully fetched MNST Last Close: 58.40999984741211
2025-04-20 16:44:47,922 - INFO - Successfully fetched MELI Last Close: 2099.3701171875
2025-04-20 16:44:49,563 - INFO - Successfully fetched ADSK Last Close: 259.4700012207031
2025-04-20 16:44:50,894 - INFO - Successfully fetched JD Last Close: 34.720001220703125
2025-04-20 16:44:52,652 - INFO - Successfully fetched LRCX Last Close: 63.7599983215332
2025-04-20 16:44:54,368 - INFO - Successfully fetched EBAY Last Close: 66.26000213623047
2025-04-20 16:44:56,231 - INFO - Successfully fetched KHC Last Close: 29.459999084472656
2025-04-20 16:44:57,900 - INFO - Successfully fetched BIIB Last Close: 118.61000061035156
2025-04-20 16:44:59,908 - INFO - Successfully fetched LULU Last Close: 251.0800018310547
2025-04-20 16:45:01,389 - INFO - Successfully fetched EA Last Close: 145.61000061035156
2025-04-20 16:45:02,870 - INFO - Successfully fetched WDAY Last Close: 221.02000427246094
2025-04-20 16:45:04,689 - INFO - Successfully fetched PCAR Last Close: 88.16999816894531
2025-04-20 16:45:06,689 - INFO - Successfully fetched DXCM Last Close: 68.56999969482422
2025-04-20 16:45:08,588 - INFO - Successfully fetched CTSH Last Close: 69.44000244140625
2025-04-20 16:45:09,860 - INFO - Successfully fetched MRVL Last Close: 51.70000076293945
2025-04-20 16:45:10,867 - INFO - Successfully saved data to Yahoo\Outputs\2025-04-20_stock_last_close.json
2025-04-20 16:45:10,867 - INFO - 
Successfully processed 48 stocks
2025-04-20 16:45:10,867 - WARNING - Failed to fetch 1 symbols: CSX
