2025-04-22 15:26:35,764 - INFO - Starting script with log file: Yahoo\Logs\2025-04-22_stock_price_fetcher.log
2025-04-22 15:26:35,764 - INFO - Output directory: Yahoo\Outputs
2025-04-22 15:26:35,765 - INFO - Starting stock data collection process
2025-04-22 15:26:40,426 - INFO - Successfully fetched AAPL Last Close: 193.16000366210938
2025-04-22 15:26:41,688 - INFO - Successfully fetched MSFT Last Close: 359.1199951171875
2025-04-22 15:26:42,882 - INFO - Successfully fetched AMZN Last Close: 167.32000732421875
2025-04-22 15:26:44,100 - INFO - Successfully fetched GOOGL Last Close: 147.6699981689453
2025-04-22 15:26:45,275 - INFO - Successfully fetched META Last Close: 484.6600036621094
2025-04-22 15:26:46,453 - INFO - Successfully fetched TSLA Last Close: 227.5
2025-04-22 15:26:47,697 - INFO - Successfully fetched NVDA Last Close: 96.91000366210938
2025-04-22 15:26:48,854 - INFO - Successfully fetched PYPL Last Close: 60.28499984741211
2025-04-22 15:26:50,064 - INFO - Successfully fetched INTC Last Close: 18.84000015258789
2025-04-22 15:26:51,357 - INFO - Successfully fetched CMCSA Last Close: 33.599998474121094
2025-04-22 15:26:52,565 - INFO - Successfully fetched NFLX Last Close: 987.9099731445312
2025-04-22 15:26:53,752 - INFO - Successfully fetched ADBE Last Close: 343.2200012207031
2025-04-22 15:26:55,055 - INFO - Successfully fetched PEP Last Close: 141.72999572753906
2025-04-22 15:26:56,335 - INFO - Successfully fetched CSCO Last Close: 54.369998931884766
2025-04-22 15:26:57,547 - INFO - Successfully fetched AVGO Last Close: 166.2100067138672
2025-04-22 15:26:58,777 - INFO - Successfully fetched TXN Last Close: 145.61000061035156
2025-04-22 15:27:00,009 - INFO - Successfully fetched COST Last Close: 957.77001953125
2025-04-22 15:27:01,182 - INFO - Successfully fetched TMUS Last Close: 253.47999572753906
2025-04-22 15:27:02,380 - INFO - Successfully fetched AMGN Last Close: 273.67999267578125
2025-04-22 15:27:03,581 - INFO - Successfully fetched SBUX Last Close: 80.68000030517578
2025-04-22 15:27:04,836 - INFO - Successfully fetched QCOM Last Close: 136.13999938964844
2025-04-22 15:27:06,060 - INFO - Successfully fetched GILD Last Close: 104.33000183105469
2025-04-22 15:27:07,280 - INFO - Successfully fetched MDLZ Last Close: 67.76000213623047
2025-04-22 15:27:08,600 - INFO - Successfully fetched INTU Last Close: 568.8400268554688
2025-04-22 15:27:09,804 - INFO - Successfully fetched ISRG Last Close: 468.32000732421875
2025-04-22 15:27:11,078 - INFO - Successfully fetched VRTX Last Close: 477.5199890136719
2025-04-22 15:27:12,249 - INFO - Successfully fetched REGN Last Close: 561.489990234375
2025-04-22 15:27:13,409 - INFO - Successfully fetched ILMN Last Close: 72.0
2025-04-22 15:27:14,605 - INFO - Successfully fetched ADI Last Close: 174.99000549316406
2025-04-22 15:27:15,929 - INFO - Successfully fetched CSX Last Close: 27.459999084472656
2025-04-22 15:27:17,190 - INFO - Successfully fetched MU Last Close: 66.73999786376953
2025-04-22 15:27:18,398 - INFO - Successfully fetched BKNG Last Close: 4437.6298828125
2025-04-22 15:27:19,622 - INFO - Successfully fetched AMAT Last Close: 135.55999755859375
2025-04-22 15:27:20,877 - INFO - Successfully fetched ADP Last Close: 284.8500061035156
2025-04-22 15:27:22,065 - INFO - Successfully fetched MNST Last Close: 58.0099983215332
2025-04-22 15:27:23,247 - INFO - Successfully fetched MELI Last Close: 2056.429931640625
2025-04-22 15:27:24,474 - INFO - Successfully fetched ADSK Last Close: 254.27000427246094
2025-04-22 15:27:25,631 - INFO - Successfully fetched JD Last Close: 34.060001373291016
2025-04-22 15:27:26,795 - INFO - Successfully fetched LRCX Last Close: 62.38999938964844
2025-04-22 15:27:27,994 - INFO - Successfully fetched EBAY Last Close: 65.62999725341797
2025-04-22 15:27:30,056 - INFO - Successfully fetched KHC Last Close: 29.940000534057617
2025-04-22 15:27:31,277 - INFO - Successfully fetched BIIB Last Close: 116.48999786376953
2025-04-22 15:27:32,493 - INFO - Successfully fetched LULU Last Close: 253.91000366210938
2025-04-22 15:27:33,736 - INFO - Successfully fetched EA Last Close: 141.92999267578125
2025-04-22 15:27:34,980 - INFO - Successfully fetched WDAY Last Close: 214.10000610351562
2025-04-22 15:27:36,288 - INFO - Successfully fetched PCAR Last Close: 87.29000091552734
2025-04-22 15:27:37,589 - INFO - Successfully fetched DXCM Last Close: 66.11000061035156
2025-04-22 15:27:38,825 - INFO - Successfully fetched CTSH Last Close: 68.05999755859375
2025-04-22 15:27:40,041 - INFO - Successfully fetched MRVL Last Close: 49.380001068115234
2025-04-22 15:27:41,043 - INFO - Successfully saved data to Yahoo\Outputs\2025-04-22_stock_last_close.json
2025-04-22 15:27:41,043 - INFO - 
Successfully processed 49 stocks
