2025-04-22 15:34:23,714 - INFO - Starting stock data collection process for 2025-04-16 09:00:00
2025-04-22 15:34:24,880 - ERROR - Error fetching AAPL (Attempt 1/3): Cannot compare dtypes datetime64[ns, America/New_York] and datetime64[ns]
2025-04-22 15:34:29,899 - ERROR - Error fetching AAPL (Attempt 2/3): Cannot compare dtypes datetime64[ns, America/New_York] and datetime64[ns]
2025-04-22 15:34:34,918 - ERROR - Error fetching AAPL (Attempt 3/3): Cannot compare dtypes datetime64[ns, America/New_York] and datetime64[ns]
2025-04-22 15:34:41,204 - ERROR - Error fetching MSFT (Attempt 1/3): Cannot compare dtypes datetime64[ns, America/New_York] and datetime64[ns]
2025-04-22 15:35:25,454 - INFO - Starting stock data collection process for 2025-04-16 09:00:00+00:00
2025-04-22 15:35:26,874 - INFO - Successfully fetched AAPL price at 2025-04-16 05:00:00-04:00: 200.00999450683594
2025-04-22 15:35:28,855 - INFO - Successfully fetched MSFT price at 2025-04-16 05:00:00-04:00: 380.6400146484375
2025-04-22 15:35:31,438 - INFO - Successfully fetched AMZN price at 2025-04-16 05:00:00-04:00: 176.7899932861328
2025-04-22 15:35:33,389 - INFO - Successfully fetched GOOGL price at 2025-04-16 05:00:00-04:00: 153.10499572753906
2025-04-22 15:35:34,960 - INFO - Successfully fetched META price at 2025-04-16 05:00:00-04:00: 507.9200134277344
2025-04-22 15:35:36,523 - INFO - Successfully fetched TSLA price at 2025-04-16 05:00:00-04:00: 247.57000732421875
2025-04-22 15:35:37,941 - INFO - Successfully fetched NVDA price at 2025-04-16 05:00:00-04:00: 105.25
2025-04-22 15:35:39,282 - INFO - Successfully fetched PYPL price at 2025-04-16 05:00:00-04:00: 61.290000915527344
2025-04-22 15:35:40,620 - INFO - Successfully fetched INTC price at 2025-04-16 05:00:00-04:00: 19.2450008392334
2025-04-22 15:35:41,960 - INFO - Successfully fetched CMCSA price at 2025-04-16 05:00:00-04:00: 34.400001525878906
2025-04-22 15:35:43,348 - INFO - Successfully fetched NFLX price at 2025-04-16 05:00:00-04:00: 972.2750244140625
2025-04-22 15:35:44,684 - INFO - Successfully fetched ADBE price at 2025-04-16 05:00:00-04:00: 344.2099914550781
2025-04-22 15:35:46,054 - INFO - Successfully fetched PEP price at 2025-04-16 05:00:00-04:00: 144.03500366210938
2025-04-22 15:35:47,358 - INFO - Successfully fetched CSCO price at 2025-04-16 05:00:00-04:00: 56.66999816894531
2025-04-22 15:35:48,988 - INFO - Successfully fetched AVGO price at 2025-04-16 05:00:00-04:00: 171.07919311523438
2025-04-22 15:35:50,387 - INFO - Successfully fetched TXN price at 2025-04-16 05:00:00-04:00: 147.92999267578125
2025-04-22 15:35:51,799 - INFO - Successfully fetched COST price at 2025-04-16 05:00:00-04:00: 974.0
2025-04-22 15:35:53,229 - INFO - Successfully fetched TMUS price at 2025-04-16 05:00:00-04:00: 267.0199890136719
2025-04-22 15:35:54,654 - INFO - Successfully fetched AMGN price at 2025-04-16 05:00:00-04:00: 294.07000732421875
2025-04-22 15:35:56,465 - INFO - Successfully fetched SBUX price at 2025-04-16 05:00:00-04:00: 83.12999725341797
2025-04-22 15:35:57,804 - INFO - Successfully fetched QCOM price at 2025-04-16 05:00:00-04:00: 134.17999267578125
2025-04-22 15:35:59,681 - INFO - Successfully fetched GILD price at 2025-04-16 05:00:00-04:00: 106.0999984741211
2025-04-22 15:36:01,293 - INFO - Successfully fetched MDLZ price at 2025-04-16 05:00:00-04:00: 67.51000213623047
2025-04-22 15:36:02,756 - INFO - Successfully fetched INTU price at 2025-04-16 05:00:00-04:00: 590.8250122070312
2025-04-22 15:36:04,483 - INFO - Successfully fetched ISRG price at 2025-04-16 05:00:00-04:00: 486.07000732421875
2025-04-22 15:36:05,961 - INFO - Successfully fetched VRTX price at 2025-04-16 05:00:00-04:00: 500.6099853515625
2025-04-22 15:36:07,527 - INFO - Successfully fetched REGN price at 2025-04-16 05:00:00-04:00: 561.0
2025-04-22 15:36:08,981 - INFO - Successfully fetched ILMN price at 2025-04-16 05:00:00-04:00: 74.69499969482422
2025-04-22 15:36:10,427 - INFO - Successfully fetched ADI price at 2025-04-16 05:00:00-04:00: 174.6199951171875
2025-04-22 15:36:11,830 - INFO - Successfully fetched CSX price at 2025-04-16 05:00:00-04:00: 27.770000457763672
2025-04-22 15:36:14,020 - INFO - Successfully fetched MU price at 2025-04-16 05:00:00-04:00: 68.4800033569336
2025-04-22 15:36:15,259 - INFO - Successfully fetched BKNG price at 2025-04-16 05:00:00-04:00: 4573.85009765625
2025-04-22 15:36:18,132 - INFO - Successfully fetched AMAT price at 2025-04-16 05:00:00-04:00: 138.13999938964844
2025-04-22 15:36:19,458 - INFO - Successfully fetched ADP price at 2025-04-16 05:00:00-04:00: 298.07000732421875
2025-04-22 15:36:20,733 - INFO - Successfully fetched MNST price at 2025-04-16 05:00:00-04:00: 58.9375
2025-04-22 15:36:21,900 - INFO - Successfully fetched MELI price at 2025-04-16 05:00:00-04:00: 2082.715087890625
2025-04-22 15:36:23,186 - INFO - Successfully fetched ADSK price at 2025-04-16 05:00:00-04:00: 263.1300048828125
2025-04-22 15:36:24,506 - INFO - Successfully fetched JD price at 2025-04-16 05:00:00-04:00: 35.689998626708984
2025-04-22 15:36:25,851 - INFO - Successfully fetched LRCX price at 2025-04-16 05:00:00-04:00: 65.2300033569336
2025-04-22 15:36:27,180 - INFO - Successfully fetched EBAY price at 2025-04-16 05:00:00-04:00: 65.6050033569336
2025-04-22 15:36:28,549 - INFO - Successfully fetched KHC price at 2025-04-16 05:00:00-04:00: 29.565000534057617
2025-04-22 15:36:29,863 - INFO - Successfully fetched BIIB price at 2025-04-16 05:00:00-04:00: 117.0
2025-04-22 15:36:31,215 - INFO - Successfully fetched LULU price at 2025-04-16 05:00:00-04:00: 254.2899932861328
2025-04-22 15:36:32,581 - INFO - Successfully fetched EA price at 2025-04-16 05:00:00-04:00: 145.32000732421875
2025-04-22 15:36:33,898 - INFO - Successfully fetched WDAY price at 2025-04-16 05:00:00-04:00: 232.1699981689453
2025-04-22 15:36:35,243 - INFO - Successfully fetched PCAR price at 2025-04-16 05:00:00-04:00: 87.26499938964844
2025-04-22 15:36:36,514 - INFO - Successfully fetched DXCM price at 2025-04-16 05:00:00-04:00: 68.97000122070312
2025-04-22 15:36:37,800 - INFO - Successfully fetched CTSH price at 2025-04-16 05:00:00-04:00: 70.07499694824219
2025-04-22 15:36:39,098 - INFO - Successfully fetched MRVL price at 2025-04-16 05:00:00-04:00: 50.86000061035156
2025-04-22 15:36:40,103 - INFO - Successfully saved data to Yahoo\Outputs\stock_prices_20250416_090000.json
2025-04-22 15:36:40,104 - INFO - 
Successfully processed 49 stocks
2025-04-22 15:37:36,776 - INFO - Starting stock data collection process for 2025-04-16 09:00:00+00:00 (UTC)
2025-04-22 15:37:37,917 - INFO - Successfully fetched AAPL price at 2025-04-16 05:00:00-04:00: 200.00999450683594
2025-04-22 15:37:39,199 - INFO - Successfully fetched MSFT price at 2025-04-16 05:00:00-04:00: 380.6400146484375
2025-04-22 15:37:40,452 - INFO - Successfully fetched AMZN price at 2025-04-16 05:00:00-04:00: 176.7899932861328
2025-04-22 15:37:41,808 - INFO - Successfully fetched GOOGL price at 2025-04-16 05:00:00-04:00: 153.10499572753906
2025-04-22 15:37:43,096 - INFO - Successfully fetched META price at 2025-04-16 05:00:00-04:00: 507.9200134277344
2025-04-22 15:37:44,359 - INFO - Successfully fetched TSLA price at 2025-04-16 05:00:00-04:00: 247.57000732421875
2025-04-22 15:37:45,634 - INFO - Successfully fetched NVDA price at 2025-04-16 05:00:00-04:00: 105.25
2025-04-22 15:37:46,857 - INFO - Successfully fetched PYPL price at 2025-04-16 05:00:00-04:00: 61.290000915527344
2025-04-22 15:37:48,189 - INFO - Successfully fetched INTC price at 2025-04-16 05:00:00-04:00: 19.2450008392334
2025-04-22 15:37:49,901 - INFO - Successfully fetched CMCSA price at 2025-04-16 05:00:00-04:00: 34.400001525878906
2025-04-22 15:37:51,287 - INFO - Successfully fetched NFLX price at 2025-04-16 05:00:00-04:00: 972.2750244140625
2025-04-22 15:37:52,607 - INFO - Successfully fetched ADBE price at 2025-04-16 05:00:00-04:00: 344.2099914550781
2025-04-22 15:37:53,978 - INFO - Successfully fetched PEP price at 2025-04-16 05:00:00-04:00: 144.03500366210938
2025-04-22 15:37:55,260 - INFO - Successfully fetched CSCO price at 2025-04-16 05:00:00-04:00: 56.66999816894531
2025-04-22 15:37:56,588 - INFO - Successfully fetched AVGO price at 2025-04-16 05:00:00-04:00: 171.07919311523438
2025-04-22 15:37:57,887 - INFO - Successfully fetched TXN price at 2025-04-16 05:00:00-04:00: 147.92999267578125
2025-04-22 15:37:59,189 - INFO - Successfully fetched COST price at 2025-04-16 05:00:00-04:00: 974.0
2025-04-22 15:38:00,489 - INFO - Successfully fetched TMUS price at 2025-04-16 05:00:00-04:00: 267.0199890136719
2025-04-22 15:38:01,868 - INFO - Successfully fetched AMGN price at 2025-04-16 05:00:00-04:00: 294.07000732421875
2025-04-22 15:38:03,258 - INFO - Successfully fetched SBUX price at 2025-04-16 05:00:00-04:00: 83.12999725341797
2025-04-22 15:38:05,044 - INFO - Successfully fetched QCOM price at 2025-04-16 05:00:00-04:00: 134.17999267578125
2025-04-22 15:38:06,383 - INFO - Successfully fetched GILD price at 2025-04-16 05:00:00-04:00: 106.0999984741211
2025-04-22 15:38:07,777 - INFO - Successfully fetched MDLZ price at 2025-04-16 05:00:00-04:00: 67.51000213623047
2025-04-22 15:38:09,203 - INFO - Successfully fetched INTU price at 2025-04-16 05:00:00-04:00: 590.8250122070312
2025-04-22 15:38:10,580 - INFO - Successfully fetched ISRG price at 2025-04-16 05:00:00-04:00: 486.07000732421875
2025-04-22 15:38:11,891 - INFO - Successfully fetched VRTX price at 2025-04-16 05:00:00-04:00: 500.6099853515625
2025-04-22 15:38:13,229 - INFO - Successfully fetched REGN price at 2025-04-16 05:00:00-04:00: 561.0
2025-04-22 15:38:14,536 - INFO - Successfully fetched ILMN price at 2025-04-16 05:00:00-04:00: 74.69499969482422
2025-04-22 15:38:15,929 - INFO - Successfully fetched ADI price at 2025-04-16 05:00:00-04:00: 174.6199951171875
2025-04-22 15:38:17,272 - INFO - Successfully fetched CSX price at 2025-04-16 05:00:00-04:00: 27.770000457763672
2025-04-22 15:38:18,559 - INFO - Successfully fetched MU price at 2025-04-16 05:00:00-04:00: 68.4800033569336
2025-04-22 15:38:19,824 - INFO - Successfully fetched BKNG price at 2025-04-16 05:00:00-04:00: 4573.85009765625
2025-04-22 15:38:21,486 - INFO - Successfully fetched AMAT price at 2025-04-16 05:00:00-04:00: 138.13999938964844
2025-04-22 15:38:22,825 - INFO - Successfully fetched ADP price at 2025-04-16 05:00:00-04:00: 298.07000732421875
2025-04-22 15:38:24,189 - INFO - Successfully fetched MNST price at 2025-04-16 05:00:00-04:00: 58.9375
2025-04-22 15:38:25,520 - INFO - Successfully fetched MELI price at 2025-04-16 05:00:00-04:00: 2082.715087890625
2025-04-22 15:38:26,884 - INFO - Successfully fetched ADSK price at 2025-04-16 05:00:00-04:00: 263.1300048828125
2025-04-22 15:38:28,269 - INFO - Successfully fetched JD price at 2025-04-16 05:00:00-04:00: 35.689998626708984
2025-04-22 15:38:29,679 - INFO - Successfully fetched LRCX price at 2025-04-16 05:00:00-04:00: 65.2300033569336
2025-04-22 15:38:30,960 - INFO - Successfully fetched EBAY price at 2025-04-16 05:00:00-04:00: 65.6050033569336
2025-04-22 15:38:32,339 - INFO - Successfully fetched KHC price at 2025-04-16 05:00:00-04:00: 29.565000534057617
2025-04-22 15:38:33,689 - INFO - Successfully fetched BIIB price at 2025-04-16 05:00:00-04:00: 117.0
2025-04-22 15:38:35,049 - INFO - Successfully fetched LULU price at 2025-04-16 05:00:00-04:00: 254.2899932861328
2025-04-22 15:38:36,372 - INFO - Successfully fetched EA price at 2025-04-16 05:00:00-04:00: 145.32000732421875
2025-04-22 15:38:37,702 - INFO - Successfully fetched WDAY price at 2025-04-16 05:00:00-04:00: 232.1699981689453
2025-04-22 15:38:39,055 - INFO - Successfully fetched PCAR price at 2025-04-16 05:00:00-04:00: 87.26499938964844
2025-04-22 15:38:40,392 - INFO - Successfully fetched DXCM price at 2025-04-16 05:00:00-04:00: 68.97000122070312
2025-04-22 15:38:41,797 - INFO - Successfully fetched CTSH price at 2025-04-16 05:00:00-04:00: 70.07499694824219
2025-04-22 15:38:43,156 - INFO - Successfully fetched MRVL price at 2025-04-16 05:00:00-04:00: 50.86000061035156
2025-04-22 15:38:44,162 - INFO - Successfully saved data to Yahoo\Outputs\stock_prices_20250416_090000.json
2025-04-22 15:38:44,166 - INFO - 
Successfully processed 49 stocks
2025-04-22 15:55:02,327 - INFO - Starting stock data collection process for 2025-04-16 09:00:00+00:00 (UTC)
2025-04-22 15:55:04,235 - INFO - Successfully fetched AAPL price at 2025-04-16 05:00:00-04:00 (America/New_York): 200.00999450683594
2025-04-22 15:55:05,669 - INFO - Successfully fetched MSFT price at 2025-04-16 05:00:00-04:00 (America/New_York): 380.6400146484375
2025-04-22 15:55:07,264 - INFO - Successfully fetched AMZN price at 2025-04-16 05:00:00-04:00 (America/New_York): 176.7899932861328
2025-04-22 15:55:08,853 - INFO - Successfully fetched GOOGL price at 2025-04-16 05:00:00-04:00 (America/New_York): 153.10499572753906
2025-04-22 15:55:10,160 - INFO - Successfully fetched META price at 2025-04-16 05:00:00-04:00 (America/New_York): 507.9200134277344
2025-04-22 15:55:11,534 - INFO - Successfully fetched TSLA price at 2025-04-16 05:00:00-04:00 (America/New_York): 247.57000732421875
2025-04-22 15:55:12,895 - INFO - Successfully fetched NVDA price at 2025-04-16 05:00:00-04:00 (America/New_York): 105.25
2025-04-22 15:55:14,274 - INFO - Successfully fetched PYPL price at 2025-04-16 05:00:00-04:00 (America/New_York): 61.290000915527344
2025-04-22 15:55:15,612 - INFO - Successfully fetched INTC price at 2025-04-16 05:00:00-04:00 (America/New_York): 19.2450008392334
2025-04-22 15:55:17,016 - INFO - Successfully fetched CMCSA price at 2025-04-16 05:00:00-04:00 (America/New_York): 34.400001525878906
2025-04-22 15:55:18,333 - INFO - Successfully fetched NFLX price at 2025-04-16 05:00:00-04:00 (America/New_York): 972.2750244140625
2025-04-22 15:55:19,671 - INFO - Successfully fetched ADBE price at 2025-04-16 05:00:00-04:00 (America/New_York): 344.2099914550781
2025-04-22 15:55:20,975 - INFO - Successfully fetched PEP price at 2025-04-16 05:00:00-04:00 (America/New_York): 144.03500366210938
2025-04-22 15:55:22,346 - INFO - Successfully fetched CSCO price at 2025-04-16 05:00:00-04:00 (America/New_York): 56.66999816894531
2025-04-22 15:55:23,633 - INFO - Successfully fetched AVGO price at 2025-04-16 05:00:00-04:00 (America/New_York): 171.07919311523438
2025-04-22 15:55:25,113 - INFO - Successfully fetched TXN price at 2025-04-16 05:00:00-04:00 (America/New_York): 147.92999267578125
2025-04-22 15:55:26,392 - INFO - Successfully fetched COST price at 2025-04-16 05:00:00-04:00 (America/New_York): 974.0
2025-04-22 15:55:27,730 - INFO - Successfully fetched TMUS price at 2025-04-16 05:00:00-04:00 (America/New_York): 267.0199890136719
2025-04-22 15:55:29,067 - INFO - Successfully fetched AMGN price at 2025-04-16 05:00:00-04:00 (America/New_York): 294.07000732421875
2025-04-22 15:55:31,087 - INFO - Successfully fetched SBUX price at 2025-04-16 05:00:00-04:00 (America/New_York): 83.12999725341797
2025-04-22 15:55:33,056 - INFO - Successfully fetched QCOM price at 2025-04-16 05:00:00-04:00 (America/New_York): 134.17999267578125
2025-04-22 15:55:35,218 - INFO - Successfully fetched GILD price at 2025-04-16 05:00:00-04:00 (America/New_York): 106.0999984741211
2025-04-22 15:55:36,778 - INFO - Successfully fetched MDLZ price at 2025-04-16 05:00:00-04:00 (America/New_York): 67.51000213623047
2025-04-22 15:55:38,258 - INFO - Successfully fetched INTU price at 2025-04-16 05:00:00-04:00 (America/New_York): 590.8250122070312
2025-04-22 15:55:39,639 - INFO - Successfully fetched ISRG price at 2025-04-16 05:00:00-04:00 (America/New_York): 486.07000732421875
2025-04-22 15:55:40,960 - INFO - Successfully fetched VRTX price at 2025-04-16 05:00:00-04:00 (America/New_York): 500.6099853515625
2025-04-22 15:55:42,459 - INFO - Successfully fetched REGN price at 2025-04-16 05:00:00-04:00 (America/New_York): 561.0
2025-04-22 15:55:43,788 - INFO - Successfully fetched ILMN price at 2025-04-16 05:00:00-04:00 (America/New_York): 74.69499969482422
2025-04-22 15:55:45,191 - INFO - Successfully fetched ADI price at 2025-04-16 05:00:00-04:00 (America/New_York): 174.6199951171875
2025-04-22 15:55:46,765 - INFO - Successfully fetched CSX price at 2025-04-16 05:00:00-04:00 (America/New_York): 27.770000457763672
2025-04-22 15:55:48,122 - INFO - Successfully fetched MU price at 2025-04-16 05:00:00-04:00 (America/New_York): 68.4800033569336
2025-04-22 15:55:49,325 - INFO - Successfully fetched BKNG price at 2025-04-16 05:00:00-04:00 (America/New_York): 4573.85009765625
2025-04-22 15:55:50,685 - INFO - Successfully fetched AMAT price at 2025-04-16 05:00:00-04:00 (America/New_York): 138.13999938964844
2025-04-22 15:55:51,998 - INFO - Successfully fetched ADP price at 2025-04-16 05:00:00-04:00 (America/New_York): 298.07000732421875
2025-04-22 15:55:53,386 - INFO - Successfully fetched MNST price at 2025-04-16 05:00:00-04:00 (America/New_York): 58.9375
2025-04-22 15:55:54,637 - INFO - Successfully fetched MELI price at 2025-04-16 05:00:00-04:00 (America/New_York): 2082.715087890625
2025-04-22 15:55:55,964 - INFO - Successfully fetched ADSK price at 2025-04-16 05:00:00-04:00 (America/New_York): 263.1300048828125
2025-04-22 15:55:57,234 - INFO - Successfully fetched JD price at 2025-04-16 05:00:00-04:00 (America/New_York): 35.689998626708984
2025-04-22 15:55:58,498 - INFO - Successfully fetched LRCX price at 2025-04-16 05:00:00-04:00 (America/New_York): 65.2300033569336
2025-04-22 15:55:59,797 - INFO - Successfully fetched EBAY price at 2025-04-16 05:00:00-04:00 (America/New_York): 65.6050033569336
2025-04-22 15:56:01,152 - INFO - Successfully fetched KHC price at 2025-04-16 05:00:00-04:00 (America/New_York): 29.565000534057617
2025-04-22 15:56:02,593 - INFO - Successfully fetched BIIB price at 2025-04-16 05:00:00-04:00 (America/New_York): 117.0
2025-04-22 15:56:03,981 - INFO - Successfully fetched LULU price at 2025-04-16 05:00:00-04:00 (America/New_York): 254.2899932861328
2025-04-22 15:56:05,308 - INFO - Successfully fetched EA price at 2025-04-16 05:00:00-04:00 (America/New_York): 145.32000732421875
2025-04-22 15:56:06,613 - INFO - Successfully fetched WDAY price at 2025-04-16 05:00:00-04:00 (America/New_York): 232.1699981689453
2025-04-22 15:56:07,904 - INFO - Successfully fetched PCAR price at 2025-04-16 05:00:00-04:00 (America/New_York): 87.26499938964844
2025-04-22 15:56:09,411 - INFO - Successfully fetched DXCM price at 2025-04-16 05:00:00-04:00 (America/New_York): 68.97000122070312
2025-04-22 15:56:10,713 - INFO - Successfully fetched CTSH price at 2025-04-16 05:00:00-04:00 (America/New_York): 70.07499694824219
2025-04-22 15:56:12,013 - INFO - Successfully fetched MRVL price at 2025-04-16 05:00:00-04:00 (America/New_York): 50.86000061035156
2025-04-22 15:56:19,316 - ERROR - 404 Client Error: Not Found for url: https://query2.finance.yahoo.com/v10/finance/quoteSummary/HSBA?modules=financialData%2CquoteType%2CdefaultKeyStatistics%2CassetProfile%2CsummaryDetail&corsDomain=finance.yahoo.com&formatted=false&symbol=HSBA&crumb=5ty.nb.HNmN
2025-04-22 15:56:19,318 - ERROR - Error fetching HSBA (Attempt 1/3): 'NoneType' object has no attribute 'update'
2025-04-22 15:56:28,397 - ERROR - 404 Client Error: Not Found for url: https://query2.finance.yahoo.com/v10/finance/quoteSummary/HSBA?modules=financialData%2CquoteType%2CdefaultKeyStatistics%2CassetProfile%2CsummaryDetail&corsDomain=finance.yahoo.com&formatted=false&symbol=HSBA&crumb=5ty.nb.HNmN
2025-04-22 15:56:28,399 - ERROR - Error fetching HSBA (Attempt 2/3): 'NoneType' object has no attribute 'update'
2025-04-22 15:56:33,400 - ERROR - $HSBA: possibly delisted; no timezone found
2025-04-22 15:56:33,400 - WARNING - No data available for HSBA around 2025-04-16 10:00:00+01:00 (Europe/London)
2025-04-22 15:56:35,377 - INFO - Successfully fetched BP price at 2025-04-16 10:00:00+01:00 (Europe/London): 27.799999237060547
2025-04-22 15:56:37,565 - INFO - Successfully fetched GSK price at 2025-04-16 10:00:00+01:00 (Europe/London): 35.849998474121094
2025-04-22 15:56:39,269 - INFO - Successfully fetched RIO price at 2025-04-16 10:00:00+01:00 (Europe/London): 57.220001220703125
2025-04-22 15:56:40,910 - ERROR - $BATS: possibly delisted; no price data found  (1m 2025-04-15 -> 2025-04-17)
2025-04-22 15:56:40,911 - WARNING - No data available for BATS around 2025-04-16 10:00:00+01:00 (Europe/London)
2025-04-22 15:56:44,025 - ERROR - $ULVR: possibly delisted; no timezone found
2025-04-22 15:56:44,025 - WARNING - No data available for ULVR around 2025-04-16 10:00:00+01:00 (Europe/London)
2025-04-22 15:56:45,520 - ERROR - $DGE: possibly delisted; no price data found  (1m 2025-04-15 -> 2025-04-17)
2025-04-22 15:56:45,520 - WARNING - No data available for DGE around 2025-04-16 10:00:00+01:00 (Europe/London)
2025-04-22 15:56:48,753 - ERROR - $RDSA: possibly delisted; no timezone found
2025-04-22 15:56:48,754 - WARNING - No data available for RDSA around 2025-04-16 10:00:00+01:00 (Europe/London)
2025-04-22 15:56:50,258 - INFO - Successfully fetched AAL price at 2025-04-16 10:00:00+01:00 (Europe/London): 9.78499984741211
2025-04-22 15:56:52,067 - INFO - Successfully fetched PRU price at 2025-04-16 10:00:00+01:00 (Europe/London): 99.91000366210938
2025-04-22 15:56:53,083 - INFO - Successfully saved data to Yahoo\Outputs\stock_prices_20250416_090000.json
2025-04-22 15:56:53,083 - INFO - 
Successfully processed 54 stocks
2025-04-22 15:56:53,086 - WARNING - Failed to fetch 5 symbols: HSBA, BATS, ULVR, DGE, RDSA
2025-04-22 15:59:11,392 - INFO - Starting stock data collection process for 2025-04-16 09:00:00+00:00 (UTC)
2025-04-22 15:59:11,392 - INFO - Processing batch of 50 symbols
2025-04-22 15:59:11,400 - INFO - Processing AAPL from NYSE
2025-04-22 15:59:14,033 - INFO - Successfully fetched AAPL price at 2025-04-16 05:00:00-04:00 (America/New_York): 200.00999450683594
2025-04-22 15:59:15,036 - INFO - Processing MSFT from NYSE
2025-04-22 15:59:15,323 - INFO - Successfully fetched MSFT price at 2025-04-16 05:00:00-04:00 (America/New_York): 380.6400146484375
2025-04-22 15:59:16,335 - INFO - Processing AMZN from NYSE
2025-04-22 15:59:16,617 - INFO - Successfully fetched AMZN price at 2025-04-16 05:00:00-04:00 (America/New_York): 176.7899932861328
2025-04-22 15:59:17,623 - INFO - Processing GOOGL from NYSE
2025-04-22 15:59:18,060 - INFO - Successfully fetched GOOGL price at 2025-04-16 05:00:00-04:00 (America/New_York): 153.10499572753906
2025-04-22 15:59:19,061 - INFO - Processing META from NYSE
2025-04-22 15:59:19,343 - INFO - Successfully fetched META price at 2025-04-16 05:00:00-04:00 (America/New_York): 507.9200134277344
2025-04-22 15:59:20,345 - INFO - Processing TSLA from NYSE
2025-04-22 15:59:20,655 - INFO - Successfully fetched TSLA price at 2025-04-16 05:00:00-04:00 (America/New_York): 247.57000732421875
2025-04-22 15:59:21,667 - INFO - Processing NVDA from NYSE
2025-04-22 15:59:21,983 - INFO - Successfully fetched NVDA price at 2025-04-16 05:00:00-04:00 (America/New_York): 105.25
2025-04-22 15:59:22,986 - INFO - Processing PYPL from NYSE
2025-04-22 15:59:23,296 - INFO - Successfully fetched PYPL price at 2025-04-16 05:00:00-04:00 (America/New_York): 61.290000915527344
2025-04-22 15:59:24,298 - INFO - Processing INTC from NYSE
2025-04-22 15:59:24,925 - INFO - Successfully fetched INTC price at 2025-04-16 05:00:00-04:00 (America/New_York): 19.2450008392334
2025-04-22 15:59:25,927 - INFO - Processing CMCSA from NYSE
2025-04-22 15:59:26,218 - INFO - Successfully fetched CMCSA price at 2025-04-16 05:00:00-04:00 (America/New_York): 34.400001525878906
2025-04-22 15:59:27,224 - INFO - Processing NFLX from NYSE
2025-04-22 15:59:27,549 - INFO - Successfully fetched NFLX price at 2025-04-16 05:00:00-04:00 (America/New_York): 972.2750244140625
2025-04-22 15:59:28,564 - INFO - Processing ADBE from NYSE
2025-04-22 15:59:29,338 - INFO - Successfully fetched ADBE price at 2025-04-16 05:00:00-04:00 (America/New_York): 344.2099914550781
2025-04-22 15:59:30,340 - INFO - Processing PEP from NYSE
2025-04-22 15:59:30,688 - INFO - Successfully fetched PEP price at 2025-04-16 05:00:00-04:00 (America/New_York): 144.03500366210938
2025-04-22 15:59:31,703 - INFO - Processing CSCO from NYSE
2025-04-22 15:59:32,001 - INFO - Successfully fetched CSCO price at 2025-04-16 05:00:00-04:00 (America/New_York): 56.66999816894531
2025-04-22 15:59:33,005 - INFO - Processing AVGO from NYSE
2025-04-22 15:59:33,303 - INFO - Successfully fetched AVGO price at 2025-04-16 05:00:00-04:00 (America/New_York): 171.07919311523438
2025-04-22 15:59:34,307 - INFO - Processing TXN from NYSE
2025-04-22 15:59:34,781 - INFO - Successfully fetched TXN price at 2025-04-16 05:00:00-04:00 (America/New_York): 147.92999267578125
2025-04-22 15:59:35,782 - INFO - Processing COST from NYSE
2025-04-22 15:59:36,071 - INFO - Successfully fetched COST price at 2025-04-16 05:00:00-04:00 (America/New_York): 974.0
2025-04-22 15:59:37,085 - INFO - Processing TMUS from NYSE
2025-04-22 15:59:37,799 - INFO - Successfully fetched TMUS price at 2025-04-16 05:00:00-04:00 (America/New_York): 267.0199890136719
2025-04-22 15:59:38,802 - INFO - Processing AMGN from NYSE
2025-04-22 15:59:39,104 - INFO - Successfully fetched AMGN price at 2025-04-16 05:00:00-04:00 (America/New_York): 294.07000732421875
2025-04-22 15:59:40,118 - INFO - Processing SBUX from NYSE
2025-04-22 15:59:40,403 - INFO - Successfully fetched SBUX price at 2025-04-16 05:00:00-04:00 (America/New_York): 83.12999725341797
2025-04-22 15:59:41,405 - INFO - Processing QCOM from NYSE
2025-04-22 15:59:41,693 - INFO - Successfully fetched QCOM price at 2025-04-16 05:00:00-04:00 (America/New_York): 134.17999267578125
2025-04-22 15:59:42,703 - INFO - Processing GILD from NYSE
2025-04-22 15:59:42,999 - INFO - Successfully fetched GILD price at 2025-04-16 05:00:00-04:00 (America/New_York): 106.0999984741211
2025-04-22 15:59:44,004 - INFO - Processing MDLZ from NYSE
2025-04-22 15:59:44,456 - INFO - Successfully fetched MDLZ price at 2025-04-16 05:00:00-04:00 (America/New_York): 67.51000213623047
2025-04-22 15:59:45,458 - INFO - Processing INTU from NYSE
2025-04-22 15:59:45,780 - INFO - Successfully fetched INTU price at 2025-04-16 05:00:00-04:00 (America/New_York): 590.8250122070312
2025-04-22 15:59:46,794 - INFO - Processing ISRG from NYSE
2025-04-22 15:59:47,245 - INFO - Successfully fetched ISRG price at 2025-04-16 05:00:00-04:00 (America/New_York): 486.07000732421875
2025-04-22 15:59:48,253 - INFO - Processing VRTX from NYSE
2025-04-22 15:59:48,703 - INFO - Successfully fetched VRTX price at 2025-04-16 05:00:00-04:00 (America/New_York): 500.6099853515625
2025-04-22 15:59:49,705 - INFO - Processing REGN from NYSE
2025-04-22 15:59:50,137 - INFO - Successfully fetched REGN price at 2025-04-16 05:00:00-04:00 (America/New_York): 561.0
2025-04-22 15:59:51,140 - INFO - Processing ILMN from NYSE
2025-04-22 15:59:51,757 - INFO - Successfully fetched ILMN price at 2025-04-16 05:00:00-04:00 (America/New_York): 74.69499969482422
2025-04-22 15:59:52,759 - INFO - Processing ADI from NYSE
2025-04-22 15:59:53,058 - INFO - Successfully fetched ADI price at 2025-04-16 05:00:00-04:00 (America/New_York): 174.6199951171875
2025-04-22 15:59:54,060 - INFO - Processing CSX from NYSE
2025-04-22 15:59:54,342 - INFO - Successfully fetched CSX price at 2025-04-16 05:00:00-04:00 (America/New_York): 27.770000457763672
2025-04-22 15:59:55,344 - INFO - Processing MU from NYSE
2025-04-22 15:59:55,631 - INFO - Successfully fetched MU price at 2025-04-16 05:00:00-04:00 (America/New_York): 68.4800033569336
2025-04-22 15:59:56,640 - INFO - Processing BKNG from NYSE
2025-04-22 15:59:57,057 - INFO - Successfully fetched BKNG price at 2025-04-16 05:00:00-04:00 (America/New_York): 4573.85009765625
2025-04-22 15:59:58,064 - INFO - Processing AMAT from NYSE
2025-04-22 15:59:58,579 - INFO - Successfully fetched AMAT price at 2025-04-16 05:00:00-04:00 (America/New_York): 138.13999938964844
2025-04-22 15:59:59,581 - INFO - Processing ADP from NYSE
2025-04-22 15:59:59,898 - INFO - Successfully fetched ADP price at 2025-04-16 05:00:00-04:00 (America/New_York): 298.07000732421875
2025-04-22 16:00:00,900 - INFO - Processing MNST from NYSE
2025-04-22 16:00:01,213 - INFO - Successfully fetched MNST price at 2025-04-16 05:00:00-04:00 (America/New_York): 58.9375
2025-04-22 16:00:02,223 - INFO - Processing MELI from NYSE
2025-04-22 16:00:02,440 - INFO - Successfully fetched MELI price at 2025-04-16 05:00:00-04:00 (America/New_York): 2082.715087890625
2025-04-22 16:00:03,446 - INFO - Processing ADSK from NYSE
2025-04-22 16:00:03,758 - INFO - Successfully fetched ADSK price at 2025-04-16 05:00:00-04:00 (America/New_York): 263.1300048828125
2025-04-22 16:00:04,759 - INFO - Processing JD from NYSE
2025-04-22 16:00:05,099 - INFO - Successfully fetched JD price at 2025-04-16 05:00:00-04:00 (America/New_York): 35.689998626708984
2025-04-22 16:00:06,100 - INFO - Processing LRCX from NYSE
2025-04-22 16:00:06,399 - INFO - Successfully fetched LRCX price at 2025-04-16 05:00:00-04:00 (America/New_York): 65.2300033569336
2025-04-22 16:00:07,400 - INFO - Processing EBAY from NYSE
2025-04-22 16:00:07,772 - INFO - Successfully fetched EBAY price at 2025-04-16 05:00:00-04:00 (America/New_York): 65.6050033569336
2025-04-22 16:00:08,781 - INFO - Processing KHC from NYSE
2025-04-22 16:00:09,227 - INFO - Successfully fetched KHC price at 2025-04-16 05:00:00-04:00 (America/New_York): 29.565000534057617
2025-04-22 16:00:10,239 - INFO - Processing BIIB from NYSE
2025-04-22 16:00:10,533 - INFO - Successfully fetched BIIB price at 2025-04-16 05:00:00-04:00 (America/New_York): 117.0
2025-04-22 16:00:11,535 - INFO - Processing LULU from NYSE
2025-04-22 16:00:11,878 - INFO - Successfully fetched LULU price at 2025-04-16 05:00:00-04:00 (America/New_York): 254.2899932861328
2025-04-22 16:00:12,883 - INFO - Processing EA from NYSE
2025-04-22 16:00:13,255 - INFO - Successfully fetched EA price at 2025-04-16 05:00:00-04:00 (America/New_York): 145.32000732421875
2025-04-22 16:00:14,258 - INFO - Processing WDAY from NYSE
2025-04-22 16:00:14,561 - INFO - Successfully fetched WDAY price at 2025-04-16 05:00:00-04:00 (America/New_York): 232.1699981689453
2025-04-22 16:00:15,563 - INFO - Processing PCAR from NYSE
2025-04-22 16:00:16,083 - INFO - Successfully fetched PCAR price at 2025-04-16 05:00:00-04:00 (America/New_York): 87.26499938964844
2025-04-22 16:00:17,099 - INFO - Processing DXCM from NYSE
2025-04-22 16:00:17,424 - INFO - Successfully fetched DXCM price at 2025-04-16 05:00:00-04:00 (America/New_York): 68.97000122070312
2025-04-22 16:00:18,435 - INFO - Processing CTSH from NYSE
2025-04-22 16:00:18,835 - INFO - Successfully fetched CTSH price at 2025-04-16 05:00:00-04:00 (America/New_York): 70.07499694824219
2025-04-22 16:00:19,845 - INFO - Processing MRVL from NYSE
2025-04-22 16:00:20,139 - INFO - Successfully fetched MRVL price at 2025-04-16 05:00:00-04:00 (America/New_York): 50.86000061035156
2025-04-22 16:00:21,140 - INFO - Processing HSBA.L from LSE
2025-04-22 16:00:21,681 - INFO - Successfully fetched HSBA.L price at 2025-04-16 10:00:00+01:00 (Europe/London): 778.2999877929688
2025-04-22 16:00:22,682 - INFO - Processing batch of 9 symbols
2025-04-22 16:00:22,682 - INFO - Processing BP.L from LSE
2025-04-22 16:00:23,305 - INFO - Successfully fetched BP.L price at 2025-04-16 10:00:00+01:00 (Europe/London): 346.8999938964844
2025-04-22 16:00:24,322 - INFO - Processing GSK.L from LSE
2025-04-22 16:00:24,862 - INFO - Successfully fetched GSK.L price at 2025-04-16 10:00:00+01:00 (Europe/London): 1339.5
2025-04-22 16:00:25,865 - INFO - Processing RIO.L from LSE
2025-04-22 16:00:26,474 - INFO - Successfully fetched RIO.L price at 2025-04-16 10:00:00+01:00 (Europe/London): 4303.0
2025-04-22 16:00:27,484 - INFO - Processing BATS.L from LSE
2025-04-22 16:00:28,017 - INFO - Successfully fetched BATS.L price at 2025-04-16 10:00:00+01:00 (Europe/London): 3198.0
2025-04-22 16:00:29,022 - INFO - Processing ULVR.L from LSE
2025-04-22 16:00:29,496 - INFO - Successfully fetched ULVR.L price at 2025-04-16 10:00:00+01:00 (Europe/London): 4721.0
2025-04-22 16:00:30,497 - INFO - Processing DGE.L from LSE
2025-04-22 16:00:31,107 - INFO - Successfully fetched DGE.L price at 2025-04-16 10:00:00+01:00 (Europe/London): 2047.0
2025-04-22 16:00:32,119 - INFO - Processing SHEL.L from LSE
2025-04-22 16:00:32,640 - INFO - Successfully fetched SHEL.L price at 2025-04-16 10:00:00+01:00 (Europe/London): 2380.5
2025-04-22 16:00:33,642 - INFO - Processing AAL.L from LSE
2025-04-22 16:00:34,318 - INFO - Successfully fetched AAL.L price at 2025-04-16 10:00:00+01:00 (Europe/London): 1992.4000244140625
2025-04-22 16:00:35,320 - INFO - Processing PRU.L from LSE
2025-04-22 16:00:36,542 - INFO - Successfully fetched PRU.L price at 2025-04-16 10:00:00+01:00 (Europe/London): 763.4000244140625
2025-04-22 16:00:37,554 - INFO - Successfully saved data to Yahoo\Outputs\stock_prices_20250416_090000.json
2025-04-22 16:00:37,554 - INFO - 
Successfully processed 59 stocks
